<?xml version="1.0" encoding="UTF-8"?>
<coverage generated="1524400570799" clover="3.2.0">
  <project timestamp="1524400570799" name="All files">
    <metrics statements="46" coveredstatements="42" conditionals="6" coveredconditionals="6" methods="25" coveredmethods="24" elements="77" coveredelements="72" complexity="0" loc="46" ncloc="46" packages="3" files="7" classes="7">
      <package name="src">
        <metrics statements="4" coveredstatements="0" conditionals="0" coveredconditionals="0" methods="1" coveredmethods="0"/>
        <file name="App.vue" path="C:\Users\yasse\WebstormProjects\edimus\src\App.vue">
          <metrics statements="4" coveredstatements="0" conditionals="0" coveredconditionals="0" methods="1" coveredmethods="0"/>
          <line num="9" count="0" type="stmt"/>
          <line num="11" count="0" type="stmt"/>
          <line num="12" count="0" type="stmt"/>
          <line num="17" count="0" type="stmt"/>
        </file>
      </package>
      <package name="src.models">
        <metrics statements="11" coveredstatements="11" conditionals="0" coveredconditionals="0" methods="7" coveredmethods="7"/>
        <file name="block.js" path="C:\Users\yasse\WebstormProjects\edimus\src\models\block.js">
          <metrics statements="5" coveredstatements="5" conditionals="0" coveredconditionals="0" methods="1" coveredmethods="1"/>
          <line num="3" count="12" type="stmt"/>
          <line num="4" count="12" type="stmt"/>
          <line num="5" count="12" type="stmt"/>
          <line num="6" count="12" type="stmt"/>
          <line num="7" count="12" type="stmt"/>
        </file>
        <file name="workflow.js" path="C:\Users\yasse\WebstormProjects\edimus\src\models\workflow.js">
          <metrics statements="6" coveredstatements="6" conditionals="0" coveredconditionals="0" methods="6" coveredmethods="6"/>
          <line num="5" count="15" type="stmt"/>
          <line num="9" count="10" type="stmt"/>
          <line num="13" count="2" type="stmt"/>
          <line num="17" count="2" type="stmt"/>
          <line num="21" count="5" type="stmt"/>
          <line num="25" count="8" type="stmt"/>
        </file>
      </package>
      <package name="src.services">
        <metrics statements="31" coveredstatements="31" conditionals="6" coveredconditionals="6" methods="17" coveredmethods="17"/>
        <file name="block_service.js" path="C:\Users\yasse\WebstormProjects\edimus\src\services\block_service.js">
          <metrics statements="7" coveredstatements="7" conditionals="0" coveredconditionals="0" methods="4" coveredmethods="4"/>
          <line num="6" count="1" type="stmt"/>
          <line num="7" count="1" type="stmt"/>
          <line num="9" count="1" type="stmt"/>
          <line num="10" count="3" type="stmt"/>
          <line num="11" count="3" type="stmt"/>
          <line num="12" count="3" type="stmt"/>
          <line num="13" count="3" type="stmt"/>
        </file>
        <file name="generator_service.js" path="C:\Users\yasse\WebstormProjects\edimus\src\services\generator_service.js">
          <metrics statements="10" coveredstatements="10" conditionals="2" coveredconditionals="2" methods="3" coveredmethods="3"/>
          <line num="5" count="1" type="stmt"/>
          <line num="6" count="1" type="stmt"/>
          <line num="7" count="1" type="stmt"/>
          <line num="8" count="5" type="cond" truecount="2" falsecount="0"/>
          <line num="9" count="4" type="stmt"/>
          <line num="13" count="5" type="stmt"/>
          <line num="14" count="5" type="stmt"/>
          <line num="15" count="5" type="stmt"/>
          <line num="16" count="5" type="stmt"/>
          <line num="22" count="1" type="stmt"/>
        </file>
        <file name="uuid_service.js" path="C:\Users\yasse\WebstormProjects\edimus\src\services\uuid_service.js">
          <metrics statements="1" coveredstatements="1" conditionals="0" coveredconditionals="0" methods="1" coveredmethods="1"/>
          <line num="5" count="10" type="stmt"/>
        </file>
        <file name="workflow_service.js" path="C:\Users\yasse\WebstormProjects\edimus\src\services\workflow_service.js">
          <metrics statements="13" coveredstatements="13" conditionals="4" coveredconditionals="4" methods="9" coveredmethods="9"/>
          <line num="5" count="13" type="stmt"/>
          <line num="9" count="1" type="stmt"/>
          <line num="13" count="3" type="stmt"/>
          <line num="17" count="3" type="stmt"/>
          <line num="21" count="3" type="stmt"/>
          <line num="22" count="3" type="cond" truecount="2" falsecount="0"/>
          <line num="23" count="2" type="stmt"/>
          <line num="28" count="2" type="stmt"/>
          <line num="32" count="2" type="stmt"/>
          <line num="33" count="2" type="cond" truecount="2" falsecount="0"/>
          <line num="34" count="1" type="stmt"/>
          <line num="39" count="6" type="stmt"/>
          <line num="43" count="4" type="stmt"/>
        </file>
      </package>
    </metrics>
  </project>
</coverage>
