TN:
SF:C:\Users\yasse\WebstormProjects\edimus\src\App.vue
FN:16,data
FNF:1
FNH:0
FNDA:0,data
DA:9,0
DA:11,0
DA:12,0
DA:17,0
LF:4
LH:0
BRF:0
BRH:0
end_of_record
TN:
SF:C:\Users\yasse\WebstormProjects\edimus\src\models\block.js
FN:2,(anonymous_0)
FNF:1
FNH:1
FNDA:12,(anonymous_0)
DA:3,12
DA:4,12
DA:5,12
DA:6,12
DA:7,12
LF:5
LH:5
BRF:0
BRH:0
end_of_record
TN:
SF:C:\Users\yasse\WebstormProjects\edimus\src\models\workflow.js
FN:4,(anonymous_0)
FN:8,(anonymous_1)
FN:12,(anonymous_2)
FN:16,(anonymous_3)
FN:20,(anonymous_4)
FN:24,(anonymous_5)
FNF:6
FNH:6
FNDA:15,(anonymous_0)
FNDA:10,(anonymous_1)
FNDA:2,(anonymous_2)
FNDA:2,(anonymous_3)
FNDA:5,(anonymous_4)
FNDA:8,(anonymous_5)
DA:5,15
DA:9,10
DA:13,2
DA:17,2
DA:21,5
DA:25,8
LF:6
LH:6
BRF:0
BRH:0
end_of_record
TN:
SF:C:\Users\yasse\WebstormProjects\edimus\src\services\block_service.js
FN:5,(anonymous_0)
FN:6,(anonymous_1)
FN:8,(anonymous_2)
FN:9,(anonymous_3)
FNF:4
FNH:4
FNDA:1,(anonymous_0)
FNDA:1,(anonymous_1)
FNDA:1,(anonymous_2)
FNDA:3,(anonymous_3)
DA:6,1
DA:7,1
DA:9,1
DA:10,3
DA:11,3
DA:12,3
DA:13,3
LF:7
LH:7
BRF:0
BRH:0
end_of_record
TN:
SF:C:\Users\yasse\WebstormProjects\edimus\src\services\generator_service.js
FN:4,(anonymous_0)
FN:7,(anonymous_1)
FN:9,(anonymous_2)
FNF:3
FNH:3
FNDA:1,(anonymous_0)
FNDA:5,(anonymous_1)
FNDA:4,(anonymous_2)
DA:5,1
DA:6,1
DA:7,1
DA:8,5
DA:9,4
DA:13,5
DA:14,5
DA:15,5
DA:16,5
DA:22,1
LF:10
LH:10
BRDA:8,0,0,5
BRDA:8,0,1,3
BRF:2
BRH:2
end_of_record
TN:
SF:C:\Users\yasse\WebstormProjects\edimus\src\services\uuid_service.js
FN:4,(anonymous_0)
FNF:1
FNH:1
FNDA:10,(anonymous_0)
DA:5,10
LF:1
LH:1
BRF:0
BRH:0
end_of_record
TN:
SF:C:\Users\yasse\WebstormProjects\edimus\src\services\workflow_service.js
FN:4,(anonymous_0)
FN:8,(anonymous_1)
FN:12,(anonymous_2)
FN:16,(anonymous_3)
FN:20,(anonymous_4)
FN:27,(anonymous_5)
FN:31,(anonymous_6)
FN:38,(anonymous_7)
FN:42,(anonymous_8)
FNF:9
FNH:9
FNDA:13,(anonymous_0)
FNDA:1,(anonymous_1)
FNDA:3,(anonymous_2)
FNDA:3,(anonymous_3)
FNDA:3,(anonymous_4)
FNDA:2,(anonymous_5)
FNDA:2,(anonymous_6)
FNDA:6,(anonymous_7)
FNDA:4,(anonymous_8)
DA:5,13
DA:9,1
DA:13,3
DA:17,3
DA:21,3
DA:22,3
DA:23,2
DA:28,2
DA:32,2
DA:33,2
DA:34,1
DA:39,6
DA:43,4
LF:13
LH:13
BRDA:22,0,0,2
BRDA:22,0,1,1
BRDA:33,1,0,1
BRDA:33,1,1,1
BRF:4
BRH:4
end_of_record
